<?xml version="1.0" encoding="UTF-8"?>
<!-- Generated by org.testng.reporters.JUnitXMLReporter -->
<testsuite hostname="DESKTOP-AA4AD8I" ignored="1" name="Default test" tests="2" failures="0" timestamp="15 Nov 2019 00:17:40 GMT" time="0.074" errors="0">
  <testcase name="a" time="0.012" classname="com.project.November5AMMavenProject.TC_002"/>
  <testcase name="f" time="0.002" classname="com.project.November5AMMavenProject.TC_002"/>
  <testcase name="z" time="0.0" classname="com.project.November5AMMavenProject.TC_002">
    <ignored/>
  </testcase> <!-- z -->
</testsuite> <!-- Default test -->
