<?xml version="1.0" encoding="UTF-8"?>
<!-- Generated by org.testng.reporters.JUnitXMLReporter -->
<testsuite hostname="DESKTOP-AA4AD8I" ignored="1" name="RegressionTest" tests="4" failures="0" timestamp="15 Nov 2019 00:23:50 GMT" time="31.669" errors="0">
  <testcase name="amazon" time="16.999" classname="com.project.November5AMMavenProject.TC_003"/>
  <testcase name="f" time="0.004" classname="com.project.November5AMMavenProject.TC_001"/>
  <testcase name="a" time="0.001" classname="com.project.November5AMMavenProject.TC_002"/>
  <testcase name="f" time="0.003" classname="com.project.November5AMMavenProject.TC_002"/>
  <testcase name="z" time="0.0" classname="com.project.November5AMMavenProject.TC_002">
    <ignored/>
  </testcase> <!-- z -->
</testsuite> <!-- RegressionTest -->
